<?xml version="1.0" encoding="UTF-8"?>
<testsuite xmlns:xsi="http://www.w3.org/2001/XMLSchema-instance" xsi:noNamespaceSchemaLocation="https://maven.apache.org/surefire/maven-surefire-plugin/xsd/surefire-test-report-3.0.xsd" version="3.0" name="tek.capstone.bdd.framework.runner.TestRunner" time="95.572" tests="21" errors="0" skipped="0" failures="0">
  <properties>
[...]
</properties>
  <testcase name="Verify Shop by Department sidebar" classname="Retail Home Page" time="4.472">
    <system-out><![CDATA[
@jenkins @home1
Scenario: Verify Shop by Department sidebar                    # features/Home.feature:8
 INFO [main] (SignInSteps.java:28)- user is on retail website
 INFO [main] (SignInSteps.java:29)- actual title React App equals expected title: React App
  Given User is on retail website                              # tek.capstone.bdd.framework.steps.SignInSteps.userIsOnRetailWebsite()
 INFO [main] (HomeSteps.java:24)- user clicked on all section button
  When User click on All section                               # tek.capstone.bdd.framework.steps.HomeSteps.userClickOnAllSection()
 INFO [main] (HomeSteps.java:33)- Electronics equals Electronics
 INFO [main] (HomeSteps.java:33)- Computers equals Computers
 INFO [main] (HomeSteps.java:33)- Smart Home equals Smart Home
 INFO [main] (HomeSteps.java:33)- Sports equals Sports
 INFO [main] (HomeSteps.java:33)- Automative equals Automative
  Then below options are present in Shop by Department sidebar # tek.capstone.bdd.framework.steps.HomeSteps.belowOptionsShouldBePresent(io.cucumber.datatable.DataTable)
    | Electronics | Computers | Smart Home | Sports | Automative |
]]></system-out>
    <system-err><![CDATA[SLF4J: Failed to load class "org.slf4j.impl.StaticLoggerBinder".
SLF4J: Defaulting to no-operation (NOP) logger implementation
SLF4J: See http://www.slf4j.org/codes.html#StaticLoggerBinder for further details.
ERROR StatusLogger Log4j2 could not find a logging implementation. Please add log4j-core to the classpath. Using SimpleLogger to log to the console...
Starting ChromeDriver 111.0.5563.64 (c710e93d5b63b7095afe8c2c17df34408078439d-refs/branch-heads/5563@{#995}) on port 55214
Only local connections are allowed.
Please see https://chromedriver.chromium.org/security-considerations for suggestions on keeping ChromeDriver safe.
ChromeDriver was started successfully.
Mar. 16, 2023 9:32:37 P.M. org.openqa.selenium.remote.ProtocolHandshake createSession
INFO: Detected upstream dialect: W3C
Mar. 16, 2023 9:32:37 P.M. org.openqa.selenium.devtools.CdpVersionFinder findNearestMatch
WARNING: Unable to find an exact match for CDP version 111, so returning the closest version found: a no-op implementation
Mar. 16, 2023 9:32:37 P.M. org.openqa.selenium.devtools.CdpVersionFinder findNearestMatch
INFO: Unable to find CDP implementation matching 111.
Mar. 16, 2023 9:32:37 P.M. org.openqa.selenium.chromium.ChromiumDriver lambda$new$3
WARNING: Unable to find version of CDP to use for . You may need to include a dependency on a specific version of the CDP using something similar to `org.seleniumhq.selenium:selenium-devtools-v86:4.4.0` where the version ("v86") matches the version of the chromium-based browser you're using and the version number of the artifact is the same as Selenium's.
]]></system-err>
  </testcase>
  <testcase name="Verify department sidebar options #1" classname="Retail Home Page" time="3.017">
    <system-out><![CDATA[
@jenkins @home2
Scenario Outline: Verify department sidebar options # features/Home.feature:22
 INFO [main] (SignInSteps.java:28)- user is on retail website
 INFO [main] (SignInSteps.java:29)- actual title React App equals expected title: React App
  Given User is on retail website                   # tek.capstone.bdd.framework.steps.SignInSteps.userIsOnRetailWebsite()
 INFO [main] (HomeSteps.java:24)- user clicked on all section button
  When User click on All section                    # tek.capstone.bdd.framework.steps.HomeSteps.userClickOnAllSection()
 INFO [main] (HomeSteps.java:43)- Electronics is present
  And User on 'Electronics'                         # tek.capstone.bdd.framework.steps.HomeSteps.userOnDepartment(java.lang.String)
 INFO [main] (HomeSteps.java:59)- TV & Video is present
 INFO [main] (HomeSteps.java:59)- Video Games is present
  Then below options are present in department      # tek.capstone.bdd.framework.steps.HomeSteps.belowOptionsArePresentInDepartment(io.cucumber.datatable.DataTable)
    | TV & Video | Video Games |
]]></system-out>
    <system-err><![CDATA[Starting ChromeDriver 111.0.5563.64 (c710e93d5b63b7095afe8c2c17df34408078439d-refs/branch-heads/5563@{#995}) on port 57069
Only local connections are allowed.
Please see https://chromedriver.chromium.org/security-considerations for suggestions on keeping ChromeDriver safe.
ChromeDriver was started successfully.
Mar. 16, 2023 9:32:40 P.M. org.openqa.selenium.remote.ProtocolHandshake createSession
INFO: Detected upstream dialect: W3C
Mar. 16, 2023 9:32:41 P.M. org.openqa.selenium.devtools.CdpVersionFinder findNearestMatch
WARNING: Unable to find an exact match for CDP version 111, so returning the closest version found: a no-op implementation
Mar. 16, 2023 9:32:41 P.M. org.openqa.selenium.devtools.CdpVersionFinder findNearestMatch
INFO: Unable to find CDP implementation matching 111.
Mar. 16, 2023 9:32:41 P.M. org.openqa.selenium.chromium.ChromiumDriver lambda$new$3
WARNING: Unable to find version of CDP to use for . You may need to include a dependency on a specific version of the CDP using something similar to `org.seleniumhq.selenium:selenium-devtools-v86:4.4.0` where the version ("v86") matches the version of the chromium-based browser you're using and the version number of the artifact is the same as Selenium's.
]]></system-err>
  </testcase>
  <testcase name="Verify department sidebar options #2" classname="Retail Home Page" time="3.154">
    <system-out><![CDATA[
@jenkins @home2
Scenario Outline: Verify department sidebar options # features/Home.feature:23
 INFO [main] (SignInSteps.java:28)- user is on retail website
 INFO [main] (SignInSteps.java:29)- actual title React App equals expected title: React App
  Given User is on retail website                   # tek.capstone.bdd.framework.steps.SignInSteps.userIsOnRetailWebsite()
 INFO [main] (HomeSteps.java:24)- user clicked on all section button
  When User click on All section                    # tek.capstone.bdd.framework.steps.HomeSteps.userClickOnAllSection()
 INFO [main] (HomeSteps.java:43)- Electronics is present
 INFO [main] (HomeSteps.java:43)- Computers is present
  And User on 'Computers'                           # tek.capstone.bdd.framework.steps.HomeSteps.userOnDepartment(java.lang.String)
 INFO [main] (HomeSteps.java:59)- Accessories is present
 INFO [main] (HomeSteps.java:59)- Networking is present
  Then below options are present in department      # tek.capstone.bdd.framework.steps.HomeSteps.belowOptionsArePresentInDepartment(io.cucumber.datatable.DataTable)
    | Accessories | Networking |
]]></system-out>
    <system-err><![CDATA[Starting ChromeDriver 111.0.5563.64 (c710e93d5b63b7095afe8c2c17df34408078439d-refs/branch-heads/5563@{#995}) on port 58714
Only local connections are allowed.
Please see https://chromedriver.chromium.org/security-considerations for suggestions on keeping ChromeDriver safe.
ChromeDriver was started successfully.
Mar. 16, 2023 9:32:44 P.M. org.openqa.selenium.remote.ProtocolHandshake createSession
INFO: Detected upstream dialect: W3C
Mar. 16, 2023 9:32:44 P.M. org.openqa.selenium.devtools.CdpVersionFinder findNearestMatch
WARNING: Unable to find an exact match for CDP version 111, so returning the closest version found: a no-op implementation
Mar. 16, 2023 9:32:44 P.M. org.openqa.selenium.devtools.CdpVersionFinder findNearestMatch
INFO: Unable to find CDP implementation matching 111.
Mar. 16, 2023 9:32:44 P.M. org.openqa.selenium.chromium.ChromiumDriver lambda$new$3
WARNING: Unable to find version of CDP to use for . You may need to include a dependency on a specific version of the CDP using something similar to `org.seleniumhq.selenium:selenium-devtools-v86:4.4.0` where the version ("v86") matches the version of the chromium-based browser you're using and the version number of the artifact is the same as Selenium's.
]]></system-err>
  </testcase>
  <testcase name="Verify department sidebar options #3" classname="Retail Home Page" time="3.169">
    <system-out><![CDATA[
@jenkins @home2
Scenario Outline: Verify department sidebar options # features/Home.feature:24
 INFO [main] (SignInSteps.java:28)- user is on retail website
 INFO [main] (SignInSteps.java:29)- actual title React App equals expected title: React App
  Given User is on retail website                   # tek.capstone.bdd.framework.steps.SignInSteps.userIsOnRetailWebsite()
 INFO [main] (HomeSteps.java:24)- user clicked on all section button
  When User click on All section                    # tek.capstone.bdd.framework.steps.HomeSteps.userClickOnAllSection()
 INFO [main] (HomeSteps.java:43)- Electronics is present
 INFO [main] (HomeSteps.java:43)- Computers is present
 INFO [main] (HomeSteps.java:43)- Smart Home is present
  And User on 'Smart Home'                          # tek.capstone.bdd.framework.steps.HomeSteps.userOnDepartment(java.lang.String)
 INFO [main] (HomeSteps.java:59)- Smart Home Lightning is present
 INFO [main] (HomeSteps.java:59)- Plugs and Outlets is present
  Then below options are present in department      # tek.capstone.bdd.framework.steps.HomeSteps.belowOptionsArePresentInDepartment(io.cucumber.datatable.DataTable)
    | Smart Home Lightning | Plugs and Outlets |
]]></system-out>
    <system-err><![CDATA[Starting ChromeDriver 111.0.5563.64 (c710e93d5b63b7095afe8c2c17df34408078439d-refs/branch-heads/5563@{#995}) on port 63597
Only local connections are allowed.
Please see https://chromedriver.chromium.org/security-considerations for suggestions on keeping ChromeDriver safe.
ChromeDriver was started successfully.
Mar. 16, 2023 9:32:47 P.M. org.openqa.selenium.remote.ProtocolHandshake createSession
INFO: Detected upstream dialect: W3C
Mar. 16, 2023 9:32:47 P.M. org.openqa.selenium.devtools.CdpVersionFinder findNearestMatch
WARNING: Unable to find an exact match for CDP version 111, so returning the closest version found: a no-op implementation
Mar. 16, 2023 9:32:47 P.M. org.openqa.selenium.devtools.CdpVersionFinder findNearestMatch
INFO: Unable to find CDP implementation matching 111.
Mar. 16, 2023 9:32:47 P.M. org.openqa.selenium.chromium.ChromiumDriver lambda$new$3
WARNING: Unable to find version of CDP to use for . You may need to include a dependency on a specific version of the CDP using something similar to `org.seleniumhq.selenium:selenium-devtools-v86:4.4.0` where the version ("v86") matches the version of the chromium-based browser you're using and the version number of the artifact is the same as Selenium's.
]]></system-err>
  </testcase>
  <testcase name="Verify department sidebar options #4" classname="Retail Home Page" time="3.071">
    <system-out><![CDATA[
@jenkins @home2
Scenario Outline: Verify department sidebar options # features/Home.feature:25
 INFO [main] (SignInSteps.java:28)- user is on retail website
 INFO [main] (SignInSteps.java:29)- actual title React App equals expected title: React App
  Given User is on retail website                   # tek.capstone.bdd.framework.steps.SignInSteps.userIsOnRetailWebsite()
 INFO [main] (HomeSteps.java:24)- user clicked on all section button
  When User click on All section                    # tek.capstone.bdd.framework.steps.HomeSteps.userClickOnAllSection()
 INFO [main] (HomeSteps.java:43)- Electronics is present
 INFO [main] (HomeSteps.java:43)- Computers is present
 INFO [main] (HomeSteps.java:43)- Smart Home is present
 INFO [main] (HomeSteps.java:43)- Sports is present
  And User on 'Sports'                              # tek.capstone.bdd.framework.steps.HomeSteps.userOnDepartment(java.lang.String)
 INFO [main] (HomeSteps.java:59)- Athletic Clothing is present
 INFO [main] (HomeSteps.java:59)- Exercise & Fitness is present
  Then below options are present in department      # tek.capstone.bdd.framework.steps.HomeSteps.belowOptionsArePresentInDepartment(io.cucumber.datatable.DataTable)
    | Athletic Clothing | Exercise & Fitness |
]]></system-out>
    <system-err><![CDATA[Starting ChromeDriver 111.0.5563.64 (c710e93d5b63b7095afe8c2c17df34408078439d-refs/branch-heads/5563@{#995}) on port 50228
Only local connections are allowed.
Please see https://chromedriver.chromium.org/security-considerations for suggestions on keeping ChromeDriver safe.
ChromeDriver was started successfully.
Mar. 16, 2023 9:32:50 P.M. org.openqa.selenium.remote.ProtocolHandshake createSession
INFO: Detected upstream dialect: W3C
Mar. 16, 2023 9:32:50 P.M. org.openqa.selenium.devtools.CdpVersionFinder findNearestMatch
WARNING: Unable to find an exact match for CDP version 111, so returning the closest version found: a no-op implementation
Mar. 16, 2023 9:32:50 P.M. org.openqa.selenium.devtools.CdpVersionFinder findNearestMatch
INFO: Unable to find CDP implementation matching 111.
Mar. 16, 2023 9:32:50 P.M. org.openqa.selenium.chromium.ChromiumDriver lambda$new$3
WARNING: Unable to find version of CDP to use for . You may need to include a dependency on a specific version of the CDP using something similar to `org.seleniumhq.selenium:selenium-devtools-v86:4.4.0` where the version ("v86") matches the version of the chromium-based browser you're using and the version number of the artifact is the same as Selenium's.
]]></system-err>
  </testcase>
  <testcase name="Verify department sidebar options #5" classname="Retail Home Page" time="3.138">
    <system-out><![CDATA[
@jenkins @home2
Scenario Outline: Verify department sidebar options # features/Home.feature:26
 INFO [main] (SignInSteps.java:28)- user is on retail website
 INFO [main] (SignInSteps.java:29)- actual title React App equals expected title: React App
  Given User is on retail website                   # tek.capstone.bdd.framework.steps.SignInSteps.userIsOnRetailWebsite()
 INFO [main] (HomeSteps.java:24)- user clicked on all section button
  When User click on All section                    # tek.capstone.bdd.framework.steps.HomeSteps.userClickOnAllSection()
 INFO [main] (HomeSteps.java:43)- Electronics is present
 INFO [main] (HomeSteps.java:43)- Computers is present
 INFO [main] (HomeSteps.java:43)- Smart Home is present
 INFO [main] (HomeSteps.java:43)- Sports is present
 INFO [main] (HomeSteps.java:43)- Automative is present
  And User on 'Automotive'                          # tek.capstone.bdd.framework.steps.HomeSteps.userOnDepartment(java.lang.String)
  Then below options are present in department      # tek.capstone.bdd.framework.steps.HomeSteps.belowOptionsArePresentInDepartment(io.cucumber.datatable.DataTable)
    | Automative Parts & Accessories | MotorCycle & Powersports |
]]></system-out>
    <system-err><![CDATA[Starting ChromeDriver 111.0.5563.64 (c710e93d5b63b7095afe8c2c17df34408078439d-refs/branch-heads/5563@{#995}) on port 53775
Only local connections are allowed.
Please see https://chromedriver.chromium.org/security-considerations for suggestions on keeping ChromeDriver safe.
ChromeDriver was started successfully.
Mar. 16, 2023 9:32:53 P.M. org.openqa.selenium.remote.ProtocolHandshake createSession
INFO: Detected upstream dialect: W3C
Mar. 16, 2023 9:32:53 P.M. org.openqa.selenium.devtools.CdpVersionFinder findNearestMatch
WARNING: Unable to find an exact match for CDP version 111, so returning the closest version found: a no-op implementation
Mar. 16, 2023 9:32:53 P.M. org.openqa.selenium.devtools.CdpVersionFinder findNearestMatch
INFO: Unable to find CDP implementation matching 111.
Mar. 16, 2023 9:32:53 P.M. org.openqa.selenium.chromium.ChromiumDriver lambda$new$3
WARNING: Unable to find version of CDP to use for . You may need to include a dependency on a specific version of the CDP using something similar to `org.seleniumhq.selenium:selenium-devtools-v86:4.4.0` where the version ("v86") matches the version of the chromium-based browser you're using and the version number of the artifact is the same as Selenium's.
]]></system-err>
  </testcase>
  <testcase name="Verify User can add an item to cart" classname="Retail Home Page" time="5.167">
    <system-out><![CDATA[
@jenkins @home3
Scenario: Verify User can add an item to cart           # features/Home.feature:29
 INFO [main] (SignInSteps.java:28)- user is on retail website
 INFO [main] (SignInSteps.java:29)- actual title React App equals expected title: React App
  Given User is on retail website                       # tek.capstone.bdd.framework.steps.SignInSteps.userIsOnRetailWebsite()
 INFO [main] (SignInSteps.java:28)- user is on retail website
 INFO [main] (SignInSteps.java:29)- actual title React App equals expected title: React App
  Given User is on retail website                       # tek.capstone.bdd.framework.steps.SignInSteps.userIsOnRetailWebsite()
 INFO [main] (SignInSteps.java:35)- user clicked on sign in button
  When User click on Sign in option                     # tek.capstone.bdd.framework.steps.SignInSteps.userClickOnSignIn()
 INFO [main] (SignInSteps.java:42)- user entered email email and password password
  And User enter email 'email' and password 'password'  # tek.capstone.bdd.framework.steps.SignInSteps.userEnterEmailAndPassword(java.lang.String,java.lang.String)
 INFO [main] (SignInSteps.java:48)- user clicked on login button
  And User click on login button                        # tek.capstone.bdd.framework.steps.SignInSteps.userClickOnLoginBtn()
 INFO [main] (SignInSteps.java:54)- user has logged in into account
  And User should be logged in into Account             # tek.capstone.bdd.framework.steps.SignInSteps.userShouldBeLoggedIn()
  And User change the category to 'Smart Home'          # tek.capstone.bdd.framework.steps.HomeSteps.userChangeCategory(java.lang.String)
 INFO [main] (HomeSteps.java:85)- user entered the item name
  And User search for an item 'kasa outdoor smart plug' # tek.capstone.bdd.framework.steps.HomeSteps.userSearchForAnItem(java.lang.String)
 INFO [main] (HomeSteps.java:92)- user clicked on search icon
  And User click on Search icon                         # tek.capstone.bdd.framework.steps.HomeSteps.userClickOnSearchIcon()
 INFO [main] (HomeSteps.java:99)- user clicked on product
  And User click on item                                # tek.capstone.bdd.framework.steps.HomeSteps.userClickOnItem()
 INFO [main] (HomeSteps.java:105)- user selected the quantity to 2
  And User select quantity '2'                          # tek.capstone.bdd.framework.steps.HomeSteps.userSelectQuantity(java.lang.String)
 INFO [main] (HomeSteps.java:111)- user clicked on add to cart button
  And User click add to Cart button                     # tek.capstone.bdd.framework.steps.HomeSteps.userClickOnAddToCartBtn()
 INFO [main] (HomeSteps.java:126)- cart icon has been updated to 2
  Then the cart icon quantity should change to '2'      # tek.capstone.bdd.framework.steps.HomeSteps.theCartIconShouldChange(java.lang.String)
]]></system-out>
    <system-err><![CDATA[Starting ChromeDriver 111.0.5563.64 (c710e93d5b63b7095afe8c2c17df34408078439d-refs/branch-heads/5563@{#995}) on port 56021
Only local connections are allowed.
Please see https://chromedriver.chromium.org/security-considerations for suggestions on keeping ChromeDriver safe.
ChromeDriver was started successfully.
Mar. 16, 2023 9:32:56 P.M. org.openqa.selenium.remote.ProtocolHandshake createSession
INFO: Detected upstream dialect: W3C
Mar. 16, 2023 9:32:56 P.M. org.openqa.selenium.devtools.CdpVersionFinder findNearestMatch
WARNING: Unable to find an exact match for CDP version 111, so returning the closest version found: a no-op implementation
Mar. 16, 2023 9:32:56 P.M. org.openqa.selenium.devtools.CdpVersionFinder findNearestMatch
INFO: Unable to find CDP implementation matching 111.
Mar. 16, 2023 9:32:56 P.M. org.openqa.selenium.chromium.ChromiumDriver lambda$new$3
WARNING: Unable to find version of CDP to use for . You may need to include a dependency on a specific version of the CDP using something similar to `org.seleniumhq.selenium:selenium-devtools-v86:4.4.0` where the version ("v86") matches the version of the chromium-based browser you're using and the version number of the artifact is the same as Selenium's.
]]></system-err>
  </testcase>
  <testcase name="Verify User can place an order without Shipping address and payment Method on file" classname="Retail Home Page" time="8.801">
    <system-out><![CDATA[
@jenkins @home4
Scenario: Verify User can place an order without Shipping address and payment Method on file # features/Home.feature:44
 INFO [main] (SignInSteps.java:28)- user is on retail website
 INFO [main] (SignInSteps.java:29)- actual title React App equals expected title: React App
  Given User is on retail website                                                            # tek.capstone.bdd.framework.steps.SignInSteps.userIsOnRetailWebsite()
 INFO [main] (SignInSteps.java:35)- user clicked on sign in button
  When User click on Sign in option                                                          # tek.capstone.bdd.framework.steps.SignInSteps.userClickOnSignIn()
 INFO [main] (SignInSteps.java:42)- user entered email email and password password
  And User enter email 'email' and password 'password'                                       # tek.capstone.bdd.framework.steps.SignInSteps.userEnterEmailAndPassword(java.lang.String,java.lang.String)
 INFO [main] (SignInSteps.java:48)- user clicked on login button
  And User click on login button                                                             # tek.capstone.bdd.framework.steps.SignInSteps.userClickOnLoginBtn()
 INFO [main] (SignInSteps.java:54)- user has logged in into account
  And User should be logged in into Account                                                  # tek.capstone.bdd.framework.steps.SignInSteps.userShouldBeLoggedIn()
  And User change the category to 'Smart Home'                                               # tek.capstone.bdd.framework.steps.HomeSteps.userChangeCategory(java.lang.String)
 INFO [main] (HomeSteps.java:85)- user entered the item name
  And User search for an item 'kasa outdoor smart plug'                                      # tek.capstone.bdd.framework.steps.HomeSteps.userSearchForAnItem(java.lang.String)
 INFO [main] (HomeSteps.java:92)- user clicked on search icon
  And User click on Search icon                                                              # tek.capstone.bdd.framework.steps.HomeSteps.userClickOnSearchIcon()
 INFO [main] (HomeSteps.java:99)- user clicked on product
  And User click on item                                                                     # tek.capstone.bdd.framework.steps.HomeSteps.userClickOnItem()
 INFO [main] (HomeSteps.java:105)- user selected the quantity to 2
  And User select quantity '2'                                                               # tek.capstone.bdd.framework.steps.HomeSteps.userSelectQuantity(java.lang.String)
 INFO [main] (HomeSteps.java:111)- user clicked on add to cart button
  And User click add to Cart button                                                          # tek.capstone.bdd.framework.steps.HomeSteps.userClickOnAddToCartBtn()
 INFO [main] (HomeSteps.java:126)- cart icon has been updated to 2
  Then the cart icon quantity should change to '2'                                           # tek.capstone.bdd.framework.steps.HomeSteps.theCartIconShouldChange(java.lang.String)
 INFO [main] (HomeSteps.java:133)- user clicked on cart button
  And User click on Cart option                                                              # tek.capstone.bdd.framework.steps.HomeSteps.userClickOnCartOption()
 INFO [main] (HomeSteps.java:139)- user clicked on Proceed to Checkout button
  And User click on Proceed to Checkout button                                               # tek.capstone.bdd.framework.steps.HomeSteps.userClickOnProceedToCheckoutBtn()
 INFO [main] (HomeSteps.java:145)- user clicked on add a new address link
  And User click Add a new address link for shipping address                                 # tek.capstone.bdd.framework.steps.HomeSteps.userClickOnAddANewAddressLink()
 INFO [main] (RetailAccountSteps.java:177)- user added the address information
  And User fill new address form with below information                                      # tek.capstone.bdd.framework.steps.RetailAccountSteps.userFillAddressInfo(io.cucumber.datatable.DataTable)
    | country       | fullName | phoneNumber | streetAddress | apt | city | state      | zipCode |
    | United States | fullName | phoneNumber | streetAddress | 123 | city | California | zipCode |
 INFO [main] (RetailAccountSteps.java:183)- user clicked on Add Your Address button
  And User click Add Your Address button                                                     # tek.capstone.bdd.framework.steps.RetailAccountSteps.userClickAddYourAddressBtn()
 INFO [main] (HomeSteps.java:152)- user clicked on add a credit or debit card link
  And User click Add a credit card or Debit Card for Payment method                          # tek.capstone.bdd.framework.steps.HomeSteps.userClickAddACreditOrDebitCardLink()
 INFO [main] (RetailAccountSteps.java:88)- user filled debit or credit cards information
  And User fill Debit or credit card information                                             # tek.capstone.bdd.framework.steps.RetailAccountSteps.userFillDebitOrCreditCardInfo(io.cucumber.datatable.DataTable)
    | cardNumber | nameOnCard | expirationMonth | expirationYear | securityCode |
    | cardNumber | fullName   | 4               | 2024           | 789          |
 INFO [main] (RetailAccountSteps.java:94)- user clicked on Add Your card button
  And User click on Add your card button                                                     # tek.capstone.bdd.framework.steps.RetailAccountSteps.userClickOnAddYourCardBtn()
 INFO [main] (HomeSteps.java:158)- user clicked on place your order button
  And User click on Place Your Order                                                         # tek.capstone.bdd.framework.steps.HomeSteps.userClickOnPlaceYourOrder()
 INFO [main] (HomeSteps.java:164)- Order placed message is displayed
  Then a message should be displayed â€˜Order Placed, Thanksâ€™                                  # tek.capstone.bdd.framework.steps.HomeSteps.orderPlacedMessageShouldBeDisplayed()
]]></system-out>
    <system-err><![CDATA[Starting ChromeDriver 111.0.5563.64 (c710e93d5b63b7095afe8c2c17df34408078439d-refs/branch-heads/5563@{#995}) on port 56382
Only local connections are allowed.
Please see https://chromedriver.chromium.org/security-considerations for suggestions on keeping ChromeDriver safe.
ChromeDriver was started successfully.
Mar. 16, 2023 9:33:01 P.M. org.openqa.selenium.remote.ProtocolHandshake createSession
INFO: Detected upstream dialect: W3C
Mar. 16, 2023 9:33:01 P.M. org.openqa.selenium.devtools.CdpVersionFinder findNearestMatch
WARNING: Unable to find an exact match for CDP version 111, so returning the closest version found: a no-op implementation
Mar. 16, 2023 9:33:01 P.M. org.openqa.selenium.devtools.CdpVersionFinder findNearestMatch
INFO: Unable to find CDP implementation matching 111.
Mar. 16, 2023 9:33:01 P.M. org.openqa.selenium.chromium.ChromiumDriver lambda$new$3
WARNING: Unable to find version of CDP to use for . You may need to include a dependency on a specific version of the CDP using something similar to `org.seleniumhq.selenium:selenium-devtools-v86:4.4.0` where the version ("v86") matches the version of the chromium-based browser you're using and the version number of the artifact is the same as Selenium's.
]]></system-err>
  </testcase>
  <testcase name="Verify User can place an order with Shipping address and payment Method on file" classname="Retail Home Page" time="5.184">
    <system-out><![CDATA[
@jenkins @home5
Scenario: Verify User can place an order with Shipping address and payment Method on file # features/Home.feature:72
 INFO [main] (SignInSteps.java:28)- user is on retail website
 INFO [main] (SignInSteps.java:29)- actual title React App equals expected title: React App
  Given User is on retail website                                                         # tek.capstone.bdd.framework.steps.SignInSteps.userIsOnRetailWebsite()
 INFO [main] (SignInSteps.java:35)- user clicked on sign in button
  When User click on Sign in option                                                       # tek.capstone.bdd.framework.steps.SignInSteps.userClickOnSignIn()
 INFO [main] (SignInSteps.java:42)- user entered email email and password password
  And User enter email 'email' and password 'password'                                    # tek.capstone.bdd.framework.steps.SignInSteps.userEnterEmailAndPassword(java.lang.String,java.lang.String)
 INFO [main] (SignInSteps.java:48)- user clicked on login button
  And User click on login button                                                          # tek.capstone.bdd.framework.steps.SignInSteps.userClickOnLoginBtn()
 INFO [main] (SignInSteps.java:54)- user has logged in into account
  And User should be logged in into Account                                               # tek.capstone.bdd.framework.steps.SignInSteps.userShouldBeLoggedIn()
  And User change the category to 'Electronics'                                           # tek.capstone.bdd.framework.steps.HomeSteps.userChangeCategory(java.lang.String)
 INFO [main] (HomeSteps.java:85)- user entered the item name
  And User search for an item 'Apex Legends'                                              # tek.capstone.bdd.framework.steps.HomeSteps.userSearchForAnItem(java.lang.String)
 INFO [main] (HomeSteps.java:92)- user clicked on search icon
  And User click on Search icon                                                           # tek.capstone.bdd.framework.steps.HomeSteps.userClickOnSearchIcon()
 INFO [main] (HomeSteps.java:99)- user clicked on product
  And User click on item                                                                  # tek.capstone.bdd.framework.steps.HomeSteps.userClickOnItem()
 INFO [main] (HomeSteps.java:105)- user selected the quantity to 5
  And User select quantity '5'                                                            # tek.capstone.bdd.framework.steps.HomeSteps.userSelectQuantity(java.lang.String)
 INFO [main] (HomeSteps.java:111)- user clicked on add to cart button
  And User click add to Cart button                                                       # tek.capstone.bdd.framework.steps.HomeSteps.userClickOnAddToCartBtn()
 INFO [main] (HomeSteps.java:126)- cart icon has been updated to 5
  Then the cart icon quantity should change to '5'                                        # tek.capstone.bdd.framework.steps.HomeSteps.theCartIconShouldChange(java.lang.String)
 INFO [main] (HomeSteps.java:133)- user clicked on cart button
  And User click on Cart option                                                           # tek.capstone.bdd.framework.steps.HomeSteps.userClickOnCartOption()
 INFO [main] (HomeSteps.java:139)- user clicked on Proceed to Checkout button
  And User click on Proceed to Checkout button                                            # tek.capstone.bdd.framework.steps.HomeSteps.userClickOnProceedToCheckoutBtn()
 INFO [main] (HomeSteps.java:158)- user clicked on place your order button
  And User click on Place Your Order                                                      # tek.capstone.bdd.framework.steps.HomeSteps.userClickOnPlaceYourOrder()
 INFO [main] (HomeSteps.java:164)- Order placed message is displayed
  Then a message should be displayed â€˜Order Placed, Thanksâ€™                               # tek.capstone.bdd.framework.steps.HomeSteps.orderPlacedMessageShouldBeDisplayed()
]]></system-out>
    <system-err><![CDATA[Starting ChromeDriver 111.0.5563.64 (c710e93d5b63b7095afe8c2c17df34408078439d-refs/branch-heads/5563@{#995}) on port 50229
Only local connections are allowed.
Please see https://chromedriver.chromium.org/security-considerations for suggestions on keeping ChromeDriver safe.
ChromeDriver was started successfully.
Mar. 16, 2023 9:33:10 P.M. org.openqa.selenium.remote.ProtocolHandshake createSession
INFO: Detected upstream dialect: W3C
Mar. 16, 2023 9:33:10 P.M. org.openqa.selenium.devtools.CdpVersionFinder findNearestMatch
WARNING: Unable to find an exact match for CDP version 111, so returning the closest version found: a no-op implementation
Mar. 16, 2023 9:33:10 P.M. org.openqa.selenium.devtools.CdpVersionFinder findNearestMatch
INFO: Unable to find CDP implementation matching 111.
Mar. 16, 2023 9:33:10 P.M. org.openqa.selenium.chromium.ChromiumDriver lambda$new$3
WARNING: Unable to find version of CDP to use for . You may need to include a dependency on a specific version of the CDP using something similar to `org.seleniumhq.selenium:selenium-devtools-v86:4.4.0` where the version ("v86") matches the version of the chromium-based browser you're using and the version number of the artifact is the same as Selenium's.
]]></system-err>
  </testcase>
  <testcase name="Verify User can update Profile Information" classname="Retail Account Page" time="4.855">
    <system-out><![CDATA[
@jenkins @account1
Scenario: Verify User can update Profile Information       # features/RetailAccount.feature:13
 INFO [main] (SignInSteps.java:28)- user is on retail website
 INFO [main] (SignInSteps.java:29)- actual title React App equals expected title: React App
  Given User is on retail website                          # tek.capstone.bdd.framework.steps.SignInSteps.userIsOnRetailWebsite()
 INFO [main] (SignInSteps.java:35)- user clicked on sign in button
  When User click on Sign in option                        # tek.capstone.bdd.framework.steps.SignInSteps.userClickOnSignIn()
 INFO [main] (SignInSteps.java:42)- user entered email email and password password
  And User enter email 'email' and password 'password'     # tek.capstone.bdd.framework.steps.SignInSteps.userEnterEmailAndPassword(java.lang.String,java.lang.String)
 INFO [main] (SignInSteps.java:48)- user clicked on login button
  And User click on login button                           # tek.capstone.bdd.framework.steps.SignInSteps.userClickOnLoginBtn()
 INFO [main] (SignInSteps.java:54)- user has logged in into account
  And User should be logged in into Account                # tek.capstone.bdd.framework.steps.SignInSteps.userShouldBeLoggedIn()
 INFO [main] (RetailAccountSteps.java:25)- user clicked on account option
  When User click on Account option                        # tek.capstone.bdd.framework.steps.RetailAccountSteps.userClickOnAccountOption()
 INFO [main] (RetailAccountSteps.java:34)- user updated name and phone
  And User update Name 'firstName' and Phone 'phoneNumber' # tek.capstone.bdd.framework.steps.RetailAccountSteps.userUpdateNameAndPhone(java.lang.String,java.lang.String)
 INFO [main] (RetailAccountSteps.java:40)- user clicked on udpate button
  And User click on Update button                          # tek.capstone.bdd.framework.steps.RetailAccountSteps.userClickOnUpdateBtn()
 INFO [main] (RetailAccountSteps.java:47)- user profile information has been updated
  Then user profile information should be updated          # tek.capstone.bdd.framework.steps.RetailAccountSteps.userProfileShouldBeUpdated()
]]></system-out>
    <system-err><![CDATA[Starting ChromeDriver 111.0.5563.64 (c710e93d5b63b7095afe8c2c17df34408078439d-refs/branch-heads/5563@{#995}) on port 52342
Only local connections are allowed.
Please see https://chromedriver.chromium.org/security-considerations for suggestions on keeping ChromeDriver safe.
ChromeDriver was started successfully.
Mar. 16, 2023 9:33:15 P.M. org.openqa.selenium.remote.ProtocolHandshake createSession
INFO: Detected upstream dialect: W3C
Mar. 16, 2023 9:33:15 P.M. org.openqa.selenium.devtools.CdpVersionFinder findNearestMatch
WARNING: Unable to find an exact match for CDP version 111, so returning the closest version found: a no-op implementation
Mar. 16, 2023 9:33:15 P.M. org.openqa.selenium.devtools.CdpVersionFinder findNearestMatch
INFO: Unable to find CDP implementation matching 111.
Mar. 16, 2023 9:33:15 P.M. org.openqa.selenium.chromium.ChromiumDriver lambda$new$3
WARNING: Unable to find version of CDP to use for . You may need to include a dependency on a specific version of the CDP using something similar to `org.seleniumhq.selenium:selenium-devtools-v86:4.4.0` where the version ("v86") matches the version of the chromium-based browser you're using and the version number of the artifact is the same as Selenium's.
]]></system-err>
  </testcase>
  <testcase name="Verify User can add a payment method" classname="Retail Account Page" time="4.764">
    <system-out><![CDATA[
@jenkins @account3
Scenario: Verify User can add a payment method                           # features/RetailAccount.feature:27
 INFO [main] (SignInSteps.java:28)- user is on retail website
 INFO [main] (SignInSteps.java:29)- actual title React App equals expected title: React App
  Given User is on retail website                                        # tek.capstone.bdd.framework.steps.SignInSteps.userIsOnRetailWebsite()
 INFO [main] (SignInSteps.java:35)- user clicked on sign in button
  When User click on Sign in option                                      # tek.capstone.bdd.framework.steps.SignInSteps.userClickOnSignIn()
 INFO [main] (SignInSteps.java:42)- user entered email email and password password
  And User enter email 'email' and password 'password'                   # tek.capstone.bdd.framework.steps.SignInSteps.userEnterEmailAndPassword(java.lang.String,java.lang.String)
 INFO [main] (SignInSteps.java:48)- user clicked on login button
  And User click on login button                                         # tek.capstone.bdd.framework.steps.SignInSteps.userClickOnLoginBtn()
 INFO [main] (SignInSteps.java:54)- user has logged in into account
  And User should be logged in into Account                              # tek.capstone.bdd.framework.steps.SignInSteps.userShouldBeLoggedIn()
 INFO [main] (RetailAccountSteps.java:25)- user clicked on account option
  When User click on Account option                                      # tek.capstone.bdd.framework.steps.RetailAccountSteps.userClickOnAccountOption()
 INFO [main] (RetailAccountSteps.java:77)- user clicked on Add a payment method link
  And User click on Add a payment method link                            # tek.capstone.bdd.framework.steps.RetailAccountSteps.userClickOnAddPaymentLink()
 INFO [main] (RetailAccountSteps.java:88)- user filled debit or credit cards information
  And User fill Debit or credit card information                         # tek.capstone.bdd.framework.steps.RetailAccountSteps.userFillDebitOrCreditCardInfo(io.cucumber.datatable.DataTable)
    | cardNumber | nameOnCard | expirationMonth | expirationYear | securityCode |
    | cardNumber | fullName   | 5               | 2025           | 120          |
 INFO [main] (RetailAccountSteps.java:94)- user clicked on Add Your card button
  And User click on Add your card button                                 # tek.capstone.bdd.framework.steps.RetailAccountSteps.userClickOnAddYourCardBtn()
 INFO [main] (RetailAccountSteps.java:101)- Payment Method added successfully message is displayed
  Then a message should be displayed â€˜Payment Method added successfullyâ€™ # tek.capstone.bdd.framework.steps.RetailAccountSteps.paymentAddedMessageShouldBeDisplayed()
]]></system-out>
    <system-err><![CDATA[Starting ChromeDriver 111.0.5563.64 (c710e93d5b63b7095afe8c2c17df34408078439d-refs/branch-heads/5563@{#995}) on port 49164
Only local connections are allowed.
Please see https://chromedriver.chromium.org/security-considerations for suggestions on keeping ChromeDriver safe.
ChromeDriver was started successfully.
Mar. 16, 2023 9:33:20 P.M. org.openqa.selenium.remote.ProtocolHandshake createSession
INFO: Detected upstream dialect: W3C
Mar. 16, 2023 9:33:20 P.M. org.openqa.selenium.devtools.CdpVersionFinder findNearestMatch
WARNING: Unable to find an exact match for CDP version 111, so returning the closest version found: a no-op implementation
Mar. 16, 2023 9:33:20 P.M. org.openqa.selenium.devtools.CdpVersionFinder findNearestMatch
INFO: Unable to find CDP implementation matching 111.
Mar. 16, 2023 9:33:20 P.M. org.openqa.selenium.chromium.ChromiumDriver lambda$new$3
WARNING: Unable to find version of CDP to use for . You may need to include a dependency on a specific version of the CDP using something similar to `org.seleniumhq.selenium:selenium-devtools-v86:4.4.0` where the version ("v86") matches the version of the chromium-based browser you're using and the version number of the artifact is the same as Selenium's.
]]></system-err>
  </testcase>
  <testcase name="Verify User can edit Debit or Credit card" classname="Retail Account Page" time="5.856">
    <system-out><![CDATA[
@jenkins @account4
Scenario: Verify User can edit Debit or Credit card                        # features/RetailAccount.feature:36
 INFO [main] (SignInSteps.java:28)- user is on retail website
 INFO [main] (SignInSteps.java:29)- actual title React App equals expected title: React App
  Given User is on retail website                                          # tek.capstone.bdd.framework.steps.SignInSteps.userIsOnRetailWebsite()
 INFO [main] (SignInSteps.java:35)- user clicked on sign in button
  When User click on Sign in option                                        # tek.capstone.bdd.framework.steps.SignInSteps.userClickOnSignIn()
 INFO [main] (SignInSteps.java:42)- user entered email email and password password
  And User enter email 'email' and password 'password'                     # tek.capstone.bdd.framework.steps.SignInSteps.userEnterEmailAndPassword(java.lang.String,java.lang.String)
 INFO [main] (SignInSteps.java:48)- user clicked on login button
  And User click on login button                                           # tek.capstone.bdd.framework.steps.SignInSteps.userClickOnLoginBtn()
 INFO [main] (SignInSteps.java:54)- user has logged in into account
  And User should be logged in into Account                                # tek.capstone.bdd.framework.steps.SignInSteps.userShouldBeLoggedIn()
 INFO [main] (RetailAccountSteps.java:25)- user clicked on account option
  When User click on Account option                                        # tek.capstone.bdd.framework.steps.RetailAccountSteps.userClickOnAccountOption()
 INFO [main] (RetailAccountSteps.java:109)- user clicked on edit option of card
  And User click on Edit option of card section                            # tek.capstone.bdd.framework.steps.RetailAccountSteps.userClickOnEditOptionOfCard()
 INFO [main] (RetailAccountSteps.java:123)- user edited debit or credit cards information
  And user edit information with below data                                # tek.capstone.bdd.framework.steps.RetailAccountSteps.userEditInfo(io.cucumber.datatable.DataTable)
    | cardNumber | nameOnCard | expirationMonth | expirationYear | securityCode |
    | cardNumber | fullName   | 6               | 2026           | 234          |
 INFO [main] (RetailAccountSteps.java:129)- user clicked on Update Your Card button
  And user click on Update Your Card button                                # tek.capstone.bdd.framework.steps.RetailAccountSteps.userClickOnUpdateYourCardBtn()
 INFO [main] (RetailAccountSteps.java:136)- Payment Method updated Successfully message is displayed
  Then a message should be displayed â€˜Payment Method updated Successfullyâ€™ # tek.capstone.bdd.framework.steps.RetailAccountSteps.paymendUpdatedMessageShouldBeDisplayed()
]]></system-out>
    <system-err><![CDATA[Starting ChromeDriver 111.0.5563.64 (c710e93d5b63b7095afe8c2c17df34408078439d-refs/branch-heads/5563@{#995}) on port 63459
Only local connections are allowed.
Please see https://chromedriver.chromium.org/security-considerations for suggestions on keeping ChromeDriver safe.
ChromeDriver was started successfully.
Mar. 16, 2023 9:33:25 P.M. org.openqa.selenium.remote.ProtocolHandshake createSession
INFO: Detected upstream dialect: W3C
Mar. 16, 2023 9:33:25 P.M. org.openqa.selenium.devtools.CdpVersionFinder findNearestMatch
WARNING: Unable to find an exact match for CDP version 111, so returning the closest version found: a no-op implementation
Mar. 16, 2023 9:33:25 P.M. org.openqa.selenium.devtools.CdpVersionFinder findNearestMatch
INFO: Unable to find CDP implementation matching 111.
Mar. 16, 2023 9:33:25 P.M. org.openqa.selenium.chromium.ChromiumDriver lambda$new$3
WARNING: Unable to find version of CDP to use for . You may need to include a dependency on a specific version of the CDP using something similar to `org.seleniumhq.selenium:selenium-devtools-v86:4.4.0` where the version ("v86") matches the version of the chromium-based browser you're using and the version number of the artifact is the same as Selenium's.
]]></system-err>
  </testcase>
  <testcase name="Verify User can remove Debit or Credit card" classname="Retail Account Page" time="3.823">
    <system-out><![CDATA[
@jenkins @account5
Scenario: Verify User can remove Debit or Credit card  # features/RetailAccount.feature:45
 INFO [main] (SignInSteps.java:28)- user is on retail website
 INFO [main] (SignInSteps.java:29)- actual title React App equals expected title: React App
  Given User is on retail website                      # tek.capstone.bdd.framework.steps.SignInSteps.userIsOnRetailWebsite()
 INFO [main] (SignInSteps.java:35)- user clicked on sign in button
  When User click on Sign in option                    # tek.capstone.bdd.framework.steps.SignInSteps.userClickOnSignIn()
 INFO [main] (SignInSteps.java:42)- user entered email email and password password
  And User enter email 'email' and password 'password' # tek.capstone.bdd.framework.steps.SignInSteps.userEnterEmailAndPassword(java.lang.String,java.lang.String)
 INFO [main] (SignInSteps.java:48)- user clicked on login button
  And User click on login button                       # tek.capstone.bdd.framework.steps.SignInSteps.userClickOnLoginBtn()
 INFO [main] (SignInSteps.java:54)- user has logged in into account
  And User should be logged in into Account            # tek.capstone.bdd.framework.steps.SignInSteps.userShouldBeLoggedIn()
 INFO [main] (RetailAccountSteps.java:25)- user clicked on account option
  When User click on Account option                    # tek.capstone.bdd.framework.steps.RetailAccountSteps.userClickOnAccountOption()
 INFO [main] (RetailAccountSteps.java:144)- user clicked on remove card option on card
  And User click on remove option of card section      # tek.capstone.bdd.framework.steps.RetailAccountSteps.userClickOnRemoveOptionOfCard()
 INFO [main] (RetailAccountSteps.java:150)- payment details has been removed
  Then payment details should be removed               # tek.capstone.bdd.framework.steps.RetailAccountSteps.paymentDetailsShouldBeRemoved()
]]></system-out>
    <system-err><![CDATA[Starting ChromeDriver 111.0.5563.64 (c710e93d5b63b7095afe8c2c17df34408078439d-refs/branch-heads/5563@{#995}) on port 58246
Only local connections are allowed.
Please see https://chromedriver.chromium.org/security-considerations for suggestions on keeping ChromeDriver safe.
ChromeDriver was started successfully.
Mar. 16, 2023 9:33:31 P.M. org.openqa.selenium.remote.ProtocolHandshake createSession
INFO: Detected upstream dialect: W3C
Mar. 16, 2023 9:33:31 P.M. org.openqa.selenium.devtools.CdpVersionFinder findNearestMatch
WARNING: Unable to find an exact match for CDP version 111, so returning the closest version found: a no-op implementation
Mar. 16, 2023 9:33:31 P.M. org.openqa.selenium.devtools.CdpVersionFinder findNearestMatch
INFO: Unable to find CDP implementation matching 111.
Mar. 16, 2023 9:33:31 P.M. org.openqa.selenium.chromium.ChromiumDriver lambda$new$3
WARNING: Unable to find version of CDP to use for . You may need to include a dependency on a specific version of the CDP using something similar to `org.seleniumhq.selenium:selenium-devtools-v86:4.4.0` where the version ("v86") matches the version of the chromium-based browser you're using and the version number of the artifact is the same as Selenium's.
]]></system-err>
  </testcase>
  <testcase name="Verify User can add an Address" classname="Retail Account Page" time="5.443">
    <system-out><![CDATA[
@jenkins @account6
Scenario: Verify User can add an Address                          # features/RetailAccount.feature:50
 INFO [main] (SignInSteps.java:28)- user is on retail website
 INFO [main] (SignInSteps.java:29)- actual title React App equals expected title: React App
  Given User is on retail website                                 # tek.capstone.bdd.framework.steps.SignInSteps.userIsOnRetailWebsite()
 INFO [main] (SignInSteps.java:35)- user clicked on sign in button
  When User click on Sign in option                               # tek.capstone.bdd.framework.steps.SignInSteps.userClickOnSignIn()
 INFO [main] (SignInSteps.java:42)- user entered email email and password password
  And User enter email 'email' and password 'password'            # tek.capstone.bdd.framework.steps.SignInSteps.userEnterEmailAndPassword(java.lang.String,java.lang.String)
 INFO [main] (SignInSteps.java:48)- user clicked on login button
  And User click on login button                                  # tek.capstone.bdd.framework.steps.SignInSteps.userClickOnLoginBtn()
 INFO [main] (SignInSteps.java:54)- user has logged in into account
  And User should be logged in into Account                       # tek.capstone.bdd.framework.steps.SignInSteps.userShouldBeLoggedIn()
 INFO [main] (RetailAccountSteps.java:25)- user clicked on account option
  When User click on Account option                               # tek.capstone.bdd.framework.steps.RetailAccountSteps.userClickOnAccountOption()
 INFO [main] (RetailAccountSteps.java:157)- user clicked on Add Address option
  And User click on Add address option                            # tek.capstone.bdd.framework.steps.RetailAccountSteps.userClickOnAddAddressOption()
 INFO [main] (RetailAccountSteps.java:177)- user added the address information
  And User fill new address form with below information           # tek.capstone.bdd.framework.steps.RetailAccountSteps.userFillAddressInfo(io.cucumber.datatable.DataTable)
    | country | fullName | phoneNumber | streetAddress | apt | city | state   | zipCode |
    | Canada  | fullName | phoneNumber | streetAddress | 123 | city | Ontario | zipCode |
 INFO [main] (RetailAccountSteps.java:183)- user clicked on Add Your Address button
  And User click Add Your Address button                          # tek.capstone.bdd.framework.steps.RetailAccountSteps.userClickAddYourAddressBtn()
 INFO [main] (RetailAccountSteps.java:190)- Address Added Successfully message is displayed
  Then a message should be displayed â€˜Address Added Successfullyâ€™ # tek.capstone.bdd.framework.steps.RetailAccountSteps.addressAddedMessage()
]]></system-out>
    <system-err><![CDATA[Starting ChromeDriver 111.0.5563.64 (c710e93d5b63b7095afe8c2c17df34408078439d-refs/branch-heads/5563@{#995}) on port 63550
Only local connections are allowed.
Please see https://chromedriver.chromium.org/security-considerations for suggestions on keeping ChromeDriver safe.
ChromeDriver was started successfully.
Mar. 16, 2023 9:33:34 P.M. org.openqa.selenium.remote.ProtocolHandshake createSession
INFO: Detected upstream dialect: W3C
Mar. 16, 2023 9:33:34 P.M. org.openqa.selenium.devtools.CdpVersionFinder findNearestMatch
WARNING: Unable to find an exact match for CDP version 111, so returning the closest version found: a no-op implementation
Mar. 16, 2023 9:33:34 P.M. org.openqa.selenium.devtools.CdpVersionFinder findNearestMatch
INFO: Unable to find CDP implementation matching 111.
Mar. 16, 2023 9:33:34 P.M. org.openqa.selenium.chromium.ChromiumDriver lambda$new$3
WARNING: Unable to find version of CDP to use for . You may need to include a dependency on a specific version of the CDP using something similar to `org.seleniumhq.selenium:selenium-devtools-v86:4.4.0` where the version ("v86") matches the version of the chromium-based browser you're using and the version number of the artifact is the same as Selenium's.
]]></system-err>
  </testcase>
  <testcase name="Verify User can edit an Address added on account" classname="Retail Account Page" time="5.824">
    <system-out><![CDATA[
@jenkins @account7
Scenario: Verify User can edit an Address added on account        # features/RetailAccount.feature:59
 INFO [main] (SignInSteps.java:28)- user is on retail website
 INFO [main] (SignInSteps.java:29)- actual title React App equals expected title: React App
  Given User is on retail website                                 # tek.capstone.bdd.framework.steps.SignInSteps.userIsOnRetailWebsite()
 INFO [main] (SignInSteps.java:35)- user clicked on sign in button
  When User click on Sign in option                               # tek.capstone.bdd.framework.steps.SignInSteps.userClickOnSignIn()
 INFO [main] (SignInSteps.java:42)- user entered email email and password password
  And User enter email 'email' and password 'password'            # tek.capstone.bdd.framework.steps.SignInSteps.userEnterEmailAndPassword(java.lang.String,java.lang.String)
 INFO [main] (SignInSteps.java:48)- user clicked on login button
  And User click on login button                                  # tek.capstone.bdd.framework.steps.SignInSteps.userClickOnLoginBtn()
 INFO [main] (SignInSteps.java:54)- user has logged in into account
  And User should be logged in into Account                       # tek.capstone.bdd.framework.steps.SignInSteps.userShouldBeLoggedIn()
 INFO [main] (RetailAccountSteps.java:25)- user clicked on account option
  When User click on Account option                               # tek.capstone.bdd.framework.steps.RetailAccountSteps.userClickOnAccountOption()
 INFO [main] (RetailAccountSteps.java:198)- user clicked on edit option on address
  And User click on edit address option                           # tek.capstone.bdd.framework.steps.RetailAccountSteps.userClickEditOnAddress()
 INFO [main] (RetailAccountSteps.java:177)- user added the address information
  And User fill new address form with below information           # tek.capstone.bdd.framework.steps.RetailAccountSteps.userFillAddressInfo(io.cucumber.datatable.DataTable)
    | country       | fullName | phoneNumber | streetAddress | apt | city | state      | zipCode |
    | United States | fullName | phoneNumber | streetAddress | 123 | city | California | zipCode |
 INFO [main] (RetailAccountSteps.java:204)- user clicked on Update Your Address button
  And User click update Your Address button                       # tek.capstone.bdd.framework.steps.RetailAccountSteps.userClickOnUpdateYourAddressBtn()
 INFO [main] (RetailAccountSteps.java:211)- Address Updated Successfully message is displayed
  Then a message should be displayed Address Updated Successfully # tek.capstone.bdd.framework.steps.RetailAccountSteps.addressUpdatedMessageShouldBeDisplayed()
]]></system-out>
    <system-err><![CDATA[Starting ChromeDriver 111.0.5563.64 (c710e93d5b63b7095afe8c2c17df34408078439d-refs/branch-heads/5563@{#995}) on port 63811
Only local connections are allowed.
Please see https://chromedriver.chromium.org/security-considerations for suggestions on keeping ChromeDriver safe.
ChromeDriver was started successfully.
Mar. 16, 2023 9:33:40 P.M. org.openqa.selenium.remote.ProtocolHandshake createSession
INFO: Detected upstream dialect: W3C
Mar. 16, 2023 9:33:40 P.M. org.openqa.selenium.devtools.CdpVersionFinder findNearestMatch
WARNING: Unable to find an exact match for CDP version 111, so returning the closest version found: a no-op implementation
Mar. 16, 2023 9:33:40 P.M. org.openqa.selenium.devtools.CdpVersionFinder findNearestMatch
INFO: Unable to find CDP implementation matching 111.
Mar. 16, 2023 9:33:40 P.M. org.openqa.selenium.chromium.ChromiumDriver lambda$new$3
WARNING: Unable to find version of CDP to use for . You may need to include a dependency on a specific version of the CDP using something similar to `org.seleniumhq.selenium:selenium-devtools-v86:4.4.0` where the version ("v86") matches the version of the chromium-based browser you're using and the version number of the artifact is the same as Selenium's.
]]></system-err>
  </testcase>
  <testcase name="Verify User can remove Address from Account" classname="Retail Account Page" time="3.824">
    <system-out><![CDATA[
@jenkins @account8
Scenario: Verify User can remove Address from Account  # features/RetailAccount.feature:68
 INFO [main] (SignInSteps.java:28)- user is on retail website
 INFO [main] (SignInSteps.java:29)- actual title React App equals expected title: React App
  Given User is on retail website                      # tek.capstone.bdd.framework.steps.SignInSteps.userIsOnRetailWebsite()
 INFO [main] (SignInSteps.java:35)- user clicked on sign in button
  When User click on Sign in option                    # tek.capstone.bdd.framework.steps.SignInSteps.userClickOnSignIn()
 INFO [main] (SignInSteps.java:42)- user entered email email and password password
  And User enter email 'email' and password 'password' # tek.capstone.bdd.framework.steps.SignInSteps.userEnterEmailAndPassword(java.lang.String,java.lang.String)
 INFO [main] (SignInSteps.java:48)- user clicked on login button
  And User click on login button                       # tek.capstone.bdd.framework.steps.SignInSteps.userClickOnLoginBtn()
 INFO [main] (SignInSteps.java:54)- user has logged in into account
  And User should be logged in into Account            # tek.capstone.bdd.framework.steps.SignInSteps.userShouldBeLoggedIn()
 INFO [main] (RetailAccountSteps.java:25)- user clicked on account option
  When User click on Account option                    # tek.capstone.bdd.framework.steps.RetailAccountSteps.userClickOnAccountOption()
 INFO [main] (RetailAccountSteps.java:218)- user clicked on remove button on address
  And User click on remove option of Address section   # tek.capstone.bdd.framework.steps.RetailAccountSteps.userClickRemoveOnAddress()
 INFO [main] (RetailAccountSteps.java:225)- address details has been removed
  Then Address details should be removed               # tek.capstone.bdd.framework.steps.RetailAccountSteps.addressDetailsShouldBeRemoved()
]]></system-out>
    <system-err><![CDATA[Starting ChromeDriver 111.0.5563.64 (c710e93d5b63b7095afe8c2c17df34408078439d-refs/branch-heads/5563@{#995}) on port 53833
Only local connections are allowed.
Please see https://chromedriver.chromium.org/security-considerations for suggestions on keeping ChromeDriver safe.
ChromeDriver was started successfully.
Mar. 16, 2023 9:33:46 P.M. org.openqa.selenium.remote.ProtocolHandshake createSession
INFO: Detected upstream dialect: W3C
Mar. 16, 2023 9:33:46 P.M. org.openqa.selenium.devtools.CdpVersionFinder findNearestMatch
WARNING: Unable to find an exact match for CDP version 111, so returning the closest version found: a no-op implementation
Mar. 16, 2023 9:33:46 P.M. org.openqa.selenium.devtools.CdpVersionFinder findNearestMatch
INFO: Unable to find CDP implementation matching 111.
Mar. 16, 2023 9:33:46 P.M. org.openqa.selenium.chromium.ChromiumDriver lambda$new$3
WARNING: Unable to find version of CDP to use for . You may need to include a dependency on a specific version of the CDP using something similar to `org.seleniumhq.selenium:selenium-devtools-v86:4.4.0` where the version ("v86") matches the version of the chromium-based browser you're using and the version number of the artifact is the same as Selenium's.
]]></system-err>
  </testcase>
  <testcase name="Verify User can cancel the order" classname="Retail Order Page" time="4.355">
    <system-out><![CDATA[
@jenkins @order1
Scenario: Verify User can cancel the order                                       # features/RetailOrder.feature:14
 INFO [main] (SignInSteps.java:28)- user is on retail website
 INFO [main] (SignInSteps.java:29)- actual title React App equals expected title: React App
  Given User is on retail website                                                # tek.capstone.bdd.framework.steps.SignInSteps.userIsOnRetailWebsite()
 INFO [main] (SignInSteps.java:35)- user clicked on sign in button
  When User click on Sign in option                                              # tek.capstone.bdd.framework.steps.SignInSteps.userClickOnSignIn()
 INFO [main] (SignInSteps.java:42)- user entered email email and password password
  And User enter email 'email' and password 'password'                           # tek.capstone.bdd.framework.steps.SignInSteps.userEnterEmailAndPassword(java.lang.String,java.lang.String)
 INFO [main] (SignInSteps.java:48)- user clicked on login button
  And User click on login button                                                 # tek.capstone.bdd.framework.steps.SignInSteps.userClickOnLoginBtn()
 INFO [main] (SignInSteps.java:54)- user has logged in into account
  And User should be logged in into Account                                      # tek.capstone.bdd.framework.steps.SignInSteps.userShouldBeLoggedIn()
 INFO [main] (RetailOrderSteps.java:21)- user clicked on orders option
  And User click on Orders section                                               # tek.capstone.bdd.framework.steps.RetailOrderSteps.userClickOnOrdersSection()
 INFO [main] (RetailOrderSteps.java:33)- user clicked on order
  And User click on first order in list                                          # tek.capstone.bdd.framework.steps.RetailOrderSteps.userClickOnFirstOrderInList()
 INFO [main] (RetailOrderSteps.java:40)- user clicked on Cancel The Order button
  And User click on Cancel The Order button                                      # tek.capstone.bdd.framework.steps.RetailOrderSteps.userClickOnCancelTheOrderBtn()
 INFO [main] (RetailOrderSteps.java:46)- user selected the cancellation reason Bought wrong item
  And User select the cancelation Reason 'Bought wrong item'                     # tek.capstone.bdd.framework.steps.RetailOrderSteps.userSelectTheCancellationReason(java.lang.String)
 INFO [main] (RetailOrderSteps.java:52)- user clicked on Cancel Order button
  And User click on Cancel Order button                                          # tek.capstone.bdd.framework.steps.RetailOrderSteps.userClickOnCancelOrderbutton()
 INFO [main] (RetailOrderSteps.java:61)- order cancellation message is displayed
  Then a cancelation message should be displayed 'Your Order Has Been Cancelled' # tek.capstone.bdd.framework.steps.RetailOrderSteps.cancellationMessageShouldBeDisplayed(java.lang.String)
]]></system-out>
    <system-err><![CDATA[Starting ChromeDriver 111.0.5563.64 (c710e93d5b63b7095afe8c2c17df34408078439d-refs/branch-heads/5563@{#995}) on port 63045
Only local connections are allowed.
Please see https://chromedriver.chromium.org/security-considerations for suggestions on keeping ChromeDriver safe.
ChromeDriver was started successfully.
Mar. 16, 2023 9:33:50 P.M. org.openqa.selenium.remote.ProtocolHandshake createSession
INFO: Detected upstream dialect: W3C
Mar. 16, 2023 9:33:50 P.M. org.openqa.selenium.devtools.CdpVersionFinder findNearestMatch
WARNING: Unable to find an exact match for CDP version 111, so returning the closest version found: a no-op implementation
Mar. 16, 2023 9:33:50 P.M. org.openqa.selenium.devtools.CdpVersionFinder findNearestMatch
INFO: Unable to find CDP implementation matching 111.
Mar. 16, 2023 9:33:50 P.M. org.openqa.selenium.chromium.ChromiumDriver lambda$new$3
WARNING: Unable to find version of CDP to use for . You may need to include a dependency on a specific version of the CDP using something similar to `org.seleniumhq.selenium:selenium-devtools-v86:4.4.0` where the version ("v86") matches the version of the chromium-based browser you're using and the version number of the artifact is the same as Selenium's.
]]></system-err>
  </testcase>
  <testcase name="Verify User can Return the order" classname="Retail Order Page" time="4.626">
    <system-out><![CDATA[
@jenkins @order2
Scenario: Verify User can Return the order                                # features/RetailOrder.feature:21
 INFO [main] (SignInSteps.java:28)- user is on retail website
 INFO [main] (SignInSteps.java:29)- actual title React App equals expected title: React App
  Given User is on retail website                                         # tek.capstone.bdd.framework.steps.SignInSteps.userIsOnRetailWebsite()
 INFO [main] (SignInSteps.java:35)- user clicked on sign in button
  When User click on Sign in option                                       # tek.capstone.bdd.framework.steps.SignInSteps.userClickOnSignIn()
 INFO [main] (SignInSteps.java:42)- user entered email email and password password
  And User enter email 'email' and password 'password'                    # tek.capstone.bdd.framework.steps.SignInSteps.userEnterEmailAndPassword(java.lang.String,java.lang.String)
 INFO [main] (SignInSteps.java:48)- user clicked on login button
  And User click on login button                                          # tek.capstone.bdd.framework.steps.SignInSteps.userClickOnLoginBtn()
 INFO [main] (SignInSteps.java:54)- user has logged in into account
  And User should be logged in into Account                               # tek.capstone.bdd.framework.steps.SignInSteps.userShouldBeLoggedIn()
 INFO [main] (RetailOrderSteps.java:21)- user clicked on orders option
  And User click on Orders section                                        # tek.capstone.bdd.framework.steps.RetailOrderSteps.userClickOnOrdersSection()
 INFO [main] (RetailOrderSteps.java:33)- user clicked on order
  And User click on first order in list                                   # tek.capstone.bdd.framework.steps.RetailOrderSteps.userClickOnFirstOrderInList()
 INFO [main] (RetailOrderSteps.java:79)- user clicked on return item button
  And User click on Return Items button                                   # tek.capstone.bdd.framework.steps.RetailOrderSteps.userClickOnReturnItemsButton()
 INFO [main] (RetailOrderSteps.java:85)- user selected the return reason: Item damaged
  And User select the Return Reason 'Item damaged'                        # tek.capstone.bdd.framework.steps.RetailOrderSteps.userSelectReturnReason(java.lang.String)
  And User select the drop off service 'FedEx'                            # tek.capstone.bdd.framework.steps.RetailOrderSteps.userSelectDropOffService(java.lang.String)
 INFO [main] (RetailOrderSteps.java:96)- user clicked on Return Order button
  And User click on Return Order button                                   # tek.capstone.bdd.framework.steps.RetailOrderSteps.userClickOnReturnOrderBtn()
 INFO [main] (RetailOrderSteps.java:61)- order cancellation message is displayed
  Then a cancelation message should be displayed 'Return was successfull' # tek.capstone.bdd.framework.steps.RetailOrderSteps.cancellationMessageShouldBeDisplayed(java.lang.String)
]]></system-out>
    <system-err><![CDATA[Starting ChromeDriver 111.0.5563.64 (c710e93d5b63b7095afe8c2c17df34408078439d-refs/branch-heads/5563@{#995}) on port 59694
Only local connections are allowed.
Please see https://chromedriver.chromium.org/security-considerations for suggestions on keeping ChromeDriver safe.
ChromeDriver was started successfully.
Mar. 16, 2023 9:33:54 P.M. org.openqa.selenium.remote.ProtocolHandshake createSession
INFO: Detected upstream dialect: W3C
Mar. 16, 2023 9:33:54 P.M. org.openqa.selenium.devtools.CdpVersionFinder findNearestMatch
WARNING: Unable to find an exact match for CDP version 111, so returning the closest version found: a no-op implementation
Mar. 16, 2023 9:33:54 P.M. org.openqa.selenium.devtools.CdpVersionFinder findNearestMatch
INFO: Unable to find CDP implementation matching 111.
Mar. 16, 2023 9:33:54 P.M. org.openqa.selenium.chromium.ChromiumDriver lambda$new$3
WARNING: Unable to find version of CDP to use for . You may need to include a dependency on a specific version of the CDP using something similar to `org.seleniumhq.selenium:selenium-devtools-v86:4.4.0` where the version ("v86") matches the version of the chromium-based browser you're using and the version number of the artifact is the same as Selenium's.
]]></system-err>
  </testcase>
  <testcase name="Verify User can write a review on order placed" classname="Retail Order Page" time="4.93">
    <system-out><![CDATA[
@jenkins @order3
Scenario: Verify User can write a review on order placed                           # features/RetailOrder.feature:29
 INFO [main] (SignInSteps.java:28)- user is on retail website
 INFO [main] (SignInSteps.java:29)- actual title React App equals expected title: React App
  Given User is on retail website                                                  # tek.capstone.bdd.framework.steps.SignInSteps.userIsOnRetailWebsite()
 INFO [main] (SignInSteps.java:35)- user clicked on sign in button
  When User click on Sign in option                                                # tek.capstone.bdd.framework.steps.SignInSteps.userClickOnSignIn()
 INFO [main] (SignInSteps.java:42)- user entered email email and password password
  And User enter email 'email' and password 'password'                             # tek.capstone.bdd.framework.steps.SignInSteps.userEnterEmailAndPassword(java.lang.String,java.lang.String)
 INFO [main] (SignInSteps.java:48)- user clicked on login button
  And User click on login button                                                   # tek.capstone.bdd.framework.steps.SignInSteps.userClickOnLoginBtn()
 INFO [main] (SignInSteps.java:54)- user has logged in into account
  And User should be logged in into Account                                        # tek.capstone.bdd.framework.steps.SignInSteps.userShouldBeLoggedIn()
 INFO [main] (RetailOrderSteps.java:21)- user clicked on orders option
  And User click on Orders section                                                 # tek.capstone.bdd.framework.steps.RetailOrderSteps.userClickOnOrdersSection()
 INFO [main] (RetailOrderSteps.java:33)- user clicked on order
  And User click on first order in list                                            # tek.capstone.bdd.framework.steps.RetailOrderSteps.userClickOnFirstOrderInList()
 INFO [main] (RetailOrderSteps.java:103)- user clicked on review button
  And User click on Review button                                                  # tek.capstone.bdd.framework.steps.RetailOrderSteps.userClickOnReviewBtn()
 INFO [main] (RetailOrderSteps.java:110)- user entered headline and description
  And User write Review headline 'Good product' and 'the product quality was good' # tek.capstone.bdd.framework.steps.RetailOrderSteps.userWriteReviewHeadlineAndText(java.lang.String,java.lang.String)
 INFO [main] (RetailOrderSteps.java:116)- user clicked on add your review button
  And User click Add your Review button                                            # tek.capstone.bdd.framework.steps.RetailOrderSteps.userClickAddYourReviewButton()
 INFO [main] (RetailOrderSteps.java:126)- review added successfully message is displayed
  Then a review message should be displayed 'Your review was added successfully'   # tek.capstone.bdd.framework.steps.RetailOrderSteps.reviewMessageShouldBeDisplayed(java.lang.String)
]]></system-out>
    <system-err><![CDATA[Starting ChromeDriver 111.0.5563.64 (c710e93d5b63b7095afe8c2c17df34408078439d-refs/branch-heads/5563@{#995}) on port 50489
Only local connections are allowed.
Please see https://chromedriver.chromium.org/security-considerations for suggestions on keeping ChromeDriver safe.
ChromeDriver was started successfully.
Mar. 16, 2023 9:33:59 P.M. org.openqa.selenium.remote.ProtocolHandshake createSession
INFO: Detected upstream dialect: W3C
Mar. 16, 2023 9:33:59 P.M. org.openqa.selenium.devtools.CdpVersionFinder findNearestMatch
WARNING: Unable to find an exact match for CDP version 111, so returning the closest version found: a no-op implementation
Mar. 16, 2023 9:33:59 P.M. org.openqa.selenium.devtools.CdpVersionFinder findNearestMatch
INFO: Unable to find CDP implementation matching 111.
Mar. 16, 2023 9:33:59 P.M. org.openqa.selenium.chromium.ChromiumDriver lambda$new$3
WARNING: Unable to find version of CDP to use for . You may need to include a dependency on a specific version of the CDP using something similar to `org.seleniumhq.selenium:selenium-devtools-v86:4.4.0` where the version ("v86") matches the version of the chromium-based browser you're using and the version number of the artifact is the same as Selenium's.
]]></system-err>
  </testcase>
  <testcase name="Verify user can sign in into Retail Application" classname="Sign In Feature" time="3.409">
    <system-out><![CDATA[
@jenkins @signIn1
Scenario: Verify user can sign in into Retail Application # features/SignIn.feature:9
 INFO [main] (SignInSteps.java:28)- user is on retail website
 INFO [main] (SignInSteps.java:29)- actual title React App equals expected title: React App
  Given User is on retail website                         # tek.capstone.bdd.framework.steps.SignInSteps.userIsOnRetailWebsite()
 INFO [main] (SignInSteps.java:35)- user clicked on sign in button
  When User click on Sign in option                       # tek.capstone.bdd.framework.steps.SignInSteps.userClickOnSignIn()
 INFO [main] (SignInSteps.java:42)- user entered email email and password password
  And User enter email "email" and password "password"    # tek.capstone.bdd.framework.steps.SignInSteps.userEnterEmailAndPassword(java.lang.String,java.lang.String)
 INFO [main] (SignInSteps.java:48)- user clicked on login button
  And User click on login button                          # tek.capstone.bdd.framework.steps.SignInSteps.userClickOnLoginBtn()
 INFO [main] (SignInSteps.java:54)- user has logged in into account
  Then User should be logged in into Account              # tek.capstone.bdd.framework.steps.SignInSteps.userShouldBeLoggedIn()
]]></system-out>
    <system-err><![CDATA[Starting ChromeDriver 111.0.5563.64 (c710e93d5b63b7095afe8c2c17df34408078439d-refs/branch-heads/5563@{#995}) on port 62022
Only local connections are allowed.
Please see https://chromedriver.chromium.org/security-considerations for suggestions on keeping ChromeDriver safe.
ChromeDriver was started successfully.
Mar. 16, 2023 9:34:04 P.M. org.openqa.selenium.remote.ProtocolHandshake createSession
INFO: Detected upstream dialect: W3C
Mar. 16, 2023 9:34:04 P.M. org.openqa.selenium.devtools.CdpVersionFinder findNearestMatch
WARNING: Unable to find an exact match for CDP version 111, so returning the closest version found: a no-op implementation
Mar. 16, 2023 9:34:04 P.M. org.openqa.selenium.devtools.CdpVersionFinder findNearestMatch
INFO: Unable to find CDP implementation matching 111.
Mar. 16, 2023 9:34:04 P.M. org.openqa.selenium.chromium.ChromiumDriver lambda$new$3
WARNING: Unable to find version of CDP to use for . You may need to include a dependency on a specific version of the CDP using something similar to `org.seleniumhq.selenium:selenium-devtools-v86:4.4.0` where the version ("v86") matches the version of the chromium-based browser you're using and the version number of the artifact is the same as Selenium's.
]]></system-err>
  </testcase>
  <testcase name="Verify user can create an account into Retail Website" classname="Sign In Feature" time="3.99">
    <system-out><![CDATA[
@jenkins @signIn
Scenario: Verify user can create an account into Retail Website # features/SignIn.feature:15
 INFO [main] (SignInSteps.java:28)- user is on retail website
 INFO [main] (SignInSteps.java:29)- actual title React App equals expected title: React App
  Given User is on retail website                               # tek.capstone.bdd.framework.steps.SignInSteps.userIsOnRetailWebsite()
 INFO [main] (SignInSteps.java:35)- user clicked on sign in button
  When User click on Sign in option                             # tek.capstone.bdd.framework.steps.SignInSteps.userClickOnSignIn()
  And User click on Create New Account button                   # tek.capstone.bdd.framework.steps.SignInSteps.userClickOnNewAccountBtn()
 INFO [main] (SignInSteps.java:70)- user filled the signUp information form
  And User fill the signUp information with below data          # tek.capstone.bdd.framework.steps.SignInSteps.userFillTheSignUpForm(io.cucumber.datatable.DataTable)
    | name     | email | password  | confirmPassword |
    | fullName | email | Tek@12345 | Tek@12345       |
 INFO [main] (SignInSteps.java:76)- user has clicked on signUp button
  And User click on SignUp button                               # tek.capstone.bdd.framework.steps.SignInSteps.userClickOnSignUpBtn()
 INFO [main] (SignInSteps.java:82)- user has logged into account page
  Then User should be logged into account page                  # tek.capstone.bdd.framework.steps.SignInSteps.userShouldBeLoggedIntoAccount()
]]></system-out>
    <system-err><![CDATA[Starting ChromeDriver 111.0.5563.64 (c710e93d5b63b7095afe8c2c17df34408078439d-refs/branch-heads/5563@{#995}) on port 62893
Only local connections are allowed.
Please see https://chromedriver.chromium.org/security-considerations for suggestions on keeping ChromeDriver safe.
ChromeDriver was started successfully.
Mar. 16, 2023 9:34:07 P.M. org.openqa.selenium.remote.ProtocolHandshake createSession
INFO: Detected upstream dialect: W3C
Mar. 16, 2023 9:34:07 P.M. org.openqa.selenium.devtools.CdpVersionFinder findNearestMatch
WARNING: Unable to find an exact match for CDP version 111, so returning the closest version found: a no-op implementation
Mar. 16, 2023 9:34:07 P.M. org.openqa.selenium.devtools.CdpVersionFinder findNearestMatch
INFO: Unable to find CDP implementation matching 111.
Mar. 16, 2023 9:34:07 P.M. org.openqa.selenium.chromium.ChromiumDriver lambda$new$3
WARNING: Unable to find version of CDP to use for . You may need to include a dependency on a specific version of the CDP using something similar to `org.seleniumhq.selenium:selenium-devtools-v86:4.4.0` where the version ("v86") matches the version of the chromium-based browser you're using and the version number of the artifact is the same as Selenium's.
]]></system-err>
  </testcase>
</testsuite>